<?xml version="1.0" encoding="UTF-8"?>
<!-- Generated by org.testng.reporters.JUnitReportReporter -->
<testsuite hostname="MAA-5CG8518WG7" failures="0" tests="1" name="TestNG.NewTest" time="4.186" errors="0" timestamp="2021-04-19T07:51:09 IST" skipped="0">
  <testcase classname="TestNG.NewTest" name="alerts" time="4.186"/>
  <system-out/>
</testsuite> <!-- TestNG.NewTest -->
