<?xml version="1.0" encoding="UTF-8"?>
<!-- Generated by org.testng.reporters.JUnitReportReporter -->
<testsuite hostname="MAA-5CG8518WG7" failures="0" tests="1" name="TestNG.Practice" time="3.801" errors="0" timestamp="2021-04-19T08:07:35 IST" skipped="0">
  <testcase classname="TestNG.Practice" name="alert" time="3.801"/>
  <system-out/>
</testsuite> <!-- TestNG.Practice -->
